<?xml version="1.0" encoding="UTF-8"?>
<testng-results ignored="0" total="1" passed="1" failed="0" skipped="0">
  <reporter-output>
  </reporter-output>
  <suite started-at="2026-03-09T01:20:03 IST" name="Default suite" finished-at="2026-03-09T01:20:14 IST" duration-ms="11377">
    <groups>
    </groups>
    <test started-at="2026-03-09T01:20:03 IST" name="Default test" finished-at="2026-03-09T01:20:14 IST" duration-ms="11377">
      <class name="tests.LoginTest">
        <test-method is-config="true" signature="setUp()[pri:0, instance:tests.LoginTest@3c19aaa5]" started-at="2026-03-09T01:20:03 IST" name="setUp" finished-at="2026-03-09T01:20:05 IST" duration-ms="2824" status="PASS">
          <reporter-output>
          </reporter-output>
        </test-method> <!-- setUp -->
        <test-method signature="testLogin()[pri:0, instance:tests.LoginTest@3c19aaa5]" started-at="2026-03-09T01:20:05 IST" name="testLogin" finished-at="2026-03-09T01:20:14 IST" duration-ms="8488" status="PASS">
          <reporter-output>
          </reporter-output>
        </test-method> <!-- testLogin -->
      </class> <!-- tests.LoginTest -->
    </test> <!-- Default test -->
  </suite> <!-- Default suite -->
</testng-results>
